    1     0     0 1   0     1     0  50263
    2     0     0 2   0     1     0  80216
    3     1     2 1   0     1     1 257946
    4     1     2 2   0     1     1 962058
    5     0     0 1   0     2     0  50371
    6     0     0 2   0     2     0  80310
    7     5     6 2   0     2     1 571144
    8     0     0 1   0     3     0  50373
    9     0     0 2   0     3     0  80312
   10     8     9 2   0     3     1 213017
   11     8     9 2   0     3     1 517239
   12     0     0 1   0     4     0  50406
   13     0     0 2   0     4     0  80340
   14    12    13 2   0     4     1 589567
   15    12    13 2   0     4     1 812746
   16     0     0 1   0     5     0  50532
   17     0     0 2   0     5     0  80448
   18    16    17 1   0     5     1 213421
   19    16    17 1   0     5     1 237334
   20     0     0 1   0     6     0  51090
   21     0     0 2   0     6     0  80960
   22     0     0 2   0     6     0  99983
   23    20    21 1   0     6     1 289555
   24    20    21 1   0     6     1 473952
   25    20    22 1   0     6     1 171431
   26     0     0 1   0     7     0  51106
   27     0     0 2   0     7     0  80975
   28    26    27 1  33     7     1 123723
   29    26    27 1   0     7     1 204622
   30    26    27 1  33     7     1 398964
   31     0     0 1   0     8     0  51279
   32     0     0 2   0     8     0  81145
   33    31    32 1   0     8     1 101612
   34    31    32 1  65     8     1 139637
   35    31    32 1  65     8     1 677968
   36     0     0 1   0     9     0  51283
   37     0     0 1   0     9     0  52850
   38     0     0 2   0     9     0  81149
   39    36    38 1   3     9     1 101006
   40    36    38 1   3     9     1 104820
   41    37    38 1   0     9     1 150524
   42     0     0 1   0    10     0  51287
   43     0     0 2   0    10     0  81153
   44    42    43 2   0    10     1 156637
   45    42    43 1 137    10     1 250427
   46    42    43 1 137    10     1 877168
   47     0     0 1   0    11     0  51289
   48     0     0 2   0    11     0  81155
   49    47    48 1   0    11     1 151627
   50    47    48 1   0    11     1 205725
   51     0     0 1   0    12     0  51290
   52     0     0 2   0    12     0  81156
   53    51    52 1   0    12     1 208226
   54    51    52 1   0    12     1 904044
   55     0     0 1   0    13     0  51293
   56     0     0 2   0    13     0  81159
   57    55    56 1   0    13     1 552544
   58    55    56 1   0    13     1 748258
   59    55    56 1   0    13     1 887373
   60     0     0 1   0    14     0  51294
   61     0     0 2   0    14     0  81160
   62    60    61 1   0    14     1 126931
   63    60    61 1   0    14     1 745555
   64     0     0 1   0    15     0  51295
   65     0     0 2   0    15     0  81161
   66    64    65 2   0    15     1 118932
   67    64    65 1   0    15     1 191437
   68    64    65 1   0    15     1 203721
   69    64    65 1   0    15     1 559053
   70     0     0 1   0    16     0  51299
   71     0     0 2   0    16     0  81165
   72    70    71 1  44    16     1 129533
   73    70    71 1   0    16     1 298051
   74    70    71 1  44    16     1 733548
   75     0     0 1   0    17     0  51300
   76     0     0 2   0    17     0  81166
   77    75    76 1   0    17     1 127832
   78    75    76 1   0    17     1 137431
   79    75    76 1   0    17     1 645450
   80     0     0 1   0    18     0  51303
   81     0     0 2   0    18     0  81168
   82    80    81 2   0    18     1 110411
   83    80    81 1   0    18     1 157336
   84    80    81 1   0    18     1 429040
   85     0     0 1   0    19     0  51304
   86     0     0 2   0    19     0  81169
   87    85    86 1  35    19     1 125525
   88    85    86 1   0    19     1 138231
   89    85    86 1  35    19     1 192439
   90     0     0 1   0    20     0  51305
   91     0     0 2   0    20     0  81170
   92    90    91 1  23    20     1 115320
   93    90    91 1  23    20     1 175439
   94    90    91 1   0    20     1 193239
   95     0     0 1   0    21     0  51307
   96     0     0 2   0    21     0  81172
   97    95    96 1   0    21     1 163432
   98    95    96 2   0    21     1 448347
   99    95    96 1   0    21     1 702133
  100     0     0 1   0    22     0  51310
  101     0     0 2   0    22     0  81175
  102   100   101 1   0    22     1 212318
  103   100   101 1   0    22     1 293748
  104   100   101 1   0    22     1 788876
  105     0     0 1   0    23     0  51312
  106     0     0 2   0    23     0  81177
  107   105   106 1   0    23     1 139233
  108     0     0 1   0    24     0  51318
  109     0     0 2   0    24     0  81183
  110   108   109 1   0    24     1 122822
  111   108   109 1   0    24     1 884064
  112     0     0 1   0    25     0  51320
  113     0     0 2   0    25     0  81185
  114   112   113 1   0    25     1 116120
  115   112   113 1   0    25     1 579665
  116     0     0 1   0    26     0  51323
  117     0     0 2   0    26     0  81188
  118   116   117 1   0    26     1 171128
  119   116   117 1   0    26     1 202820
  120     0     0 1   0    27     0  51324
  121     0     0 2   0    27     0  81189
  122   120   121 1   0    27     1 120212
  123   120   121 1   0    27     1 161731
  124   120   121 1   0    27     1 665254
  125     0     0 1   0    28     0  51329
  126     0     0 2   0    28     0  81194
  127   125   126 1   0    28     1 151223
  128   125   126 1  94    28     1 169343
  129   125   126 1  94    28     1 627549
  130     0     0 1   0    29     0  51330
  131     0     0 2   0    29     0  81195
  132   130   131 1   0    29     1 101208
  133   130   131 1   0    29     1 884973
  134     0     0 1   0    30     0  51336
  135     0     0 2   0    30     0  81201
  136   134   135 2   0    30     1 134324
  137   134   135 1   0    30     1 134425
  138   134   135 1   0    30     1 227533
  139     0     0 1   0    31     0  51337
  140     0     0 2   0    31     0  81202
  141   139   140 1   0    31     1 172534
  142   139   140 2   0    31     1 598568
  143   139   140 1   0    31     1 856766
  144     0     0 1   0    32     0  51338
  145     0     0 2   0    32     0  81203
  146   144   145 1   0    32     1 310621
  147   144   145 1   0    32     1 413934
  148     0     0 1   0    33     0  51339
  149     0     0 2   0    33     0  81204
  150   148   149 1   0    33     1 679568
  151   148   149 1 165    33     1 709551
  152   148   149 1 165    33     1 715647
  153     0     0 1   0    34     0  51340
  154     0     0 2   0    34     0  81205
  155   153   154 1  19    34     1 112516
  156   153   154 1   0    34     1 176037
  157   153   154 1  19    34     1 844961
  158     0     0 1   0    35     0  51343
  159     0     0 2   0    35     0  81208
  160   158   159 1   7    35     1 103818
  161   158   159 1   7    35     1 143325
  162   158   159 2   0    35     1 937160
  163     0     0 1   0    36     0  51345
  164     0     0 2   0    36     0  81210
  165   163   164 1   0    36     1 199251
  166   163   164 2   0    36     1 672756
  167   163   164 1   0    36     1 896778
  168   163   164 2   0    36     1 992774
  169     0     0 1   0    37     0  51347
  170     0     0 2   0    37     0  81212
  171   169   170 1  41    37     1 128632
  172   169   170 2   0    37     1 153429
  173   169   170 1  41    37     1 210617
  174     0     0 1   0    38     0  51348
  175     0     0 2   0    38     0  81213
  176   174   175 1  86    38     1 159239
  177   174   175 1  86    38     1 249947
  178   174   175 2   0    38     1 329440
  179     0     0 1   0    39     0  51351
  180     0     0 2   0    39     0  81216
  181   179   180 2   0    39     1 103111
  182   179   180 1   0    39     1 124826
  183   179   180 1   0    39     1 562446
  184     0     0 1   0    40     0  51354
  185     0     0 2   0    40     0  81219
  186     0     0 2   0    40     0  82525
  187     0     0 2   0    40     0  82526
  188   184   185 1   0    40     1 174437
  189   184   186 2   0    40     1 114924
  190   184   186 1   0    40     1 235128
  191   184   187 1   0    40     1 611231
  192     0     0 1   0    41     0  51355
  193     0     0 2   0    41     0  81220
  194   192   193 2   0    41     1 304020
  195   192   193 1   0    41     1 307127
  196   192   193 1   0    41     1 638049
  197   192   193 1   0    41     1 732243
  198     0     0 1   0    42     0  51356
  199     0     0 2   0    42     0  81221
  200   198   199 1   0    42     1 173940
  201   198   199 1   0    42     1 382242
  202   198   199 1   0    42     1 696063
  203     0     0 1   0    43     0  51357
  204     0     0 2   0    43     0  81222
  205   203   204 1   0    43     1 468050
  206   203   204 1   0    43     1 902242
  207     0     0 1   0    44     0  51361
  208     0     0 2   0    44     0  81226
  209   207   208 1   0    44     1 140319
  210   207   208 1   0    44     1 393247
  211   207   208 1   0    44     1 572045
  212     0     0 1   0    45     0  51362
  213     0     0 2   0    45     0  81227
  214   212   213 1 159    45     1 553344
  215   212   213 1 159    45     1 734247
  216     0     0 1   0    46     0  51367
  217     0     0 2   0    46     0  81232
  218   216   217 1 129    46     1 200614
  219   216   217 2   0    46     1 685058
  220   216   217 1 129    46     1 861456
  221     0     0 1   0    47     0  51375
  222     0     0 2   0    47     0  81240
  223   221   222 1   0    47     1 167743
  224   221   222 1 113    47     1 185139
  225   221   222 1 113    47     1 792564
  226     0     0 1   0    48     0  51377
  227     0     0 2   0    48     0  81242
  228   226   227 1   0    48     1 195647
  229   226   227 1 122    48     1 196144
  230   226   227 1 122    48     1 214019
  231     0     0 1   0    49     0  51380
  232     0     0 2   0    49     0  81245
  233   231   232 1   0    49     1 134021
  234   231   232 1   0    49     1 953764
  235     0     0 1   0    50     0  51381
  236     0     0 2   0    50     0  81246
  237   235   236 1  18    50     1 111312
  238   235   236 1  18    50     1 144226
  239   235   236 1   0    50     1 162329
  240   235   236 1   0    50     1 707244
  241     0     0 1   0    51     0  51387
  242     0     0 2   0    51     0  81252
  243   241   242 1   0    51     1 197550
  244   241   242 2   0    51     1 201111
  245     0     0 1   0    52     0  51392
  246     0     0 2   0    52     0  81257
  247   245   246 2   0    52     1 122620
  248   245   246 1  89    52     1 162026
  249   245   246 1  89    52     1 568963
  250     0     0 1   0    53     0  51394
  251     0     0 2   0    53     0  81259
  252   250   251 2   0    53     1 133827
  253   250   251 2   0    53     1 366446
  254     0     0 1   0    54     0  51397
  255     0     0 2   0    54     0  81262
  256   254   255 2   0    54     1 198451
  257     0     0 1   0    55     0  51399
  258     0     0 2   0    55     0  81264
  259   257   258 1   0    55     1 182739
  260   257   258 1   0    55     1 239136
  261   257   258 2   0    55     1 889579
  262     0     0 1   0    56     0  51400
  263     0     0 2   0    56     0  81265
  264   262   263 1  99    56     1 172332
  265   262   263 1  99    56     1 194140
  266   262   263 1   0    56     1 729557
  267     0     0 1   0    57     0  51414
  268     0     0 2   0    57     0  81279
  269   267   268 1   0    57     1 171532
  270   267   268 1 140    57     1 297655
  271   267   268 1 140    57     1 322224
  272     0     0 1   0    58     0  51416
  273     0     0 1   0    58     0  52851
  274     0     0 2   0    58     0  81281
  275   272   274 1   0    58     1 161327
  276   272   274 1   0    58     1 390645
  277   273   274 1   0    58     1 156233
  278     0     0 1   0    59     0  51417
  279     0     0 2   0    59     0  81282
  280   278   279 1   0    59     1 150423
  281   278   279 1   0    59     1 499566
  282   278   279 1   0    59     1 826353
  283     0     0 1   0    60     0  51418
  284     0     0 2   0    60     0  81283
  285   283   284 1   5    60     1 102816
  286   283   284 1   0    60     1 654754
  287   283   284 1   5    60     1 680957
  288     0     0 1   0    61     0  51419
  289     0     0 2   0    61     0  81284
  290   288   289 2   0    61     1 118730
  291   288   289 1  84    61     1 158035
  292   288   289 1  84    61     1 177746
  293     0     0 1   0    62     0  51421
  294     0     0 2   0    62     0  81286
  295   293   294 1   0    62     1 118124
  296   293   294 1  32    62     1 121820
  297   293   294 1  32    62     1 190132
  298     0     0 1   0    63     0  51424
  299     0     0 2   0    63     0  81289
  300   298   299 1   0    63     1 113215
  301   298   299 1   0    63     1 135932
  302   298   299 2   0    63     1 158540
  303     0     0 1   0    64     0  51426
  304     0     0 2   0    64     0  81291
  305   303   304 1   0    64     1 144832
  306   303   304 1   0    64     1 197348
  307   303   304 1   0    64     1 205220
  308     0     0 1   0    65     0  51433
  309     0     0 2   0    65     0  81298
  310   308   309 1   0    65     1 114116
  311   308   309 2   0    65     1 172635
  312     0     0 1   0    66     0  51435
  313     0     0 2   0    66     0  81300
  314   312   313 1   0    66     1 167036
  315   312   313 1   0    66     1 727654
  316   312   313 1   0    66     1 770352
  317     0     0 1   0    67     0  51436
  318     0     0 2   0    67     0  81301
  319   317   318 2   0    67     1 214423
  320     0     0 1   0    68     0  51451
  321     0     0 2   0    68     0  81316
  322   320   321 1   0    68     1 105014
  323   320   321 1   0    68     1 112819
  324   320   321 1   0    68     1 250932
  325     0     0 1   0    69     0  51455
  326     0     0 2   0    69     0  81320
  327   325   326 1   0    69     1 117122
  328   325   326 1   0    69     1 885975
  329   325   326 1   0    69     1 984472
  330     0     0 1   0    70     0  51459
  331     0     0 2   0    70     0  81324
  332   330   331 1 103    70     1 176542
  333   330   331 1 103    70     1 246133
  334   330   331 1   0    70     1 371843
  335     0     0 1   0    71     0  51460
  336     0     0 2   0    71     0  81325
  337   335   336 1  59    71     1 135124
  338   335   336 1  59    71     1 463040
  339     0     0 1   0    72     0  51461
  340     0     0 2   0    72     0  81326
  341   339   340 2   0    72     1 168038
  342   339   340 1   0    72     1 221218
  343   339   340 1   0    72     1 876873
  344     0     0 1   0    73     0  51465
  345     0     0 2   0    73     0  81330
  346   344   345 1 157    73     1 547046
  347   344   345 2   0    73     1 865363
  348   344   345 1 157    73     1 901139
  349     0     0 1   0    74     0  51468
  350     0     0 2   0    74     0  81333
  351   349   350 1   0    74     1 106521
  352   349   350 2   0    74     1 270332
  353   349   350 1   0    74     1 715950
  354     0     0 1   0    75     0  51469
  355     0     0 2   0    75     0  81334
  356   354   355 2   0    75     1 102715
  357   354   355 1   0    75     1 192540
  358   354   355 2   0    75     1 530635
  359   354   355 1   0    75     1 894673
  360     0     0 1   0    76     0  51476
  361     0     0 2   0    76     0  81340
  362   360   361 1   0    76     1 111413
  363   360   361 1   0    76     1 120111
  364   360   361 2   0    76     1 479762
  365     0     0 1   0    77     0  51477
  366     0     0 2   0    77     0  81341
  367   365   366 1  36    77     1 126325
  368   365   366 1  36    77     1 154431
  369   365   366 1   0    77     1 351938
  370     0     0 1   0    78     0  51478
  371     0     0 2   0    78     0  81342
  372   370   371 2   0    78     1 130013
  373   370   371 1   0    78     1 199150
  374   370   371 1   0    78     1 230926
  375     0     0 1   0    79     0  51480
  376     0     0 2   0    79     0  81344
  377   375   376 1  52    79     1 131621
  378   375   376 2   0    79     1 142828
  379   375   376 1  52    79     1 688569
  380     0     0 1   0    80     0  51485
  381     0     0 2   0    80     0  81349
  382   380   381 2   0    80     1 124220
  383   380   381 1   0    80     1 141826
  384   380   381 1   0    80     1 436239
  385   380   381 1   0    80     1 779370
  386     0     0 1   0    81     0  51486
  387     0     0 2   0    81     0  81350
  388   386   387 1   0    81     1 119833
  389   386   387 1   0    81     1 355542
  390   386   387 1   0    81     1 585862
  391     0     0 1   0    82     0  51488
  392     0     0 2   0    82     0  81352
  393   391   392 1   1    82     1 100307
  394   391   392 1   0    82     1 217429
  395   391   392 1   1    82     1 255639
  396     0     0 1   0    83     0  51491
  397     0     0 2   0    83     0  81355
  398   396   397 1   0    83     1 462139
  399   396   397 1   0    83     1 827052
  400     0     0 1   0    84     0  51493
  401     0     0 2   0    84     0  81357
  402   400   401 1   0    84     1 194948
  403   400   401 1   0    84     1 201818
  404   400   401 1   0    84     1 878574
  405   400   401 1   0    84     1 987983
  406     0     0 1   0    85     0  51494
  407     0     0 2   0    85     0  81358
  408   406   407 1  88    85     1 159441
  409   406   407 2   0    85     1 211417
  410   406   407 1  88    85     1 441939
  411     0     0 1   0    86     0  51495
  412     0     0 2   0    86     0  81359
  413   411   412 1  17    86     1 111009
  414   411   412 2   0    86     1 753251
  415   411   412 1  17    86     1 872158
  416     0     0 1   0    87     0  51496
  417     0     0 2   0    87     0  81360
  418   416   417 2   0    87     1 168139
  419   416   417 1   0    87     1 179346
  420   416   417 1   0    87     1 212924
  421     0     0 1   0    88     0  51504
  422     0     0 2   0    88     0  81368
  423   421   422 1   0    88     1 157942
  424   421   422 1   0    88     1 186545
  425   421   422 1   0    88     1 919158
  426     0     0 1   0    89     0  51519
  427     0     0 2   0    89     0  81383
  428   426   427 1   0    89     1 157437
  429   426   427 1 152    89     1 412528
  430   426   427 1 152    89     1 951457
  431     0     0 1   0    90     0  51526
  432     0     0 2   0    90     0  81390
  433   431   432 2   0    90     1 136833
  434   431   432 1  62    90     1 137128
  435   431   432 2   0    90     1 191639
  436   431   432 1  62    90     1 859671
  437     0     0 1   0    91     0  51527
  438     0     0 2   0    91     0  81391
  439   437   438 2   0    91     1 105216
  440   437   438 2   0    91     1 106319
  441   437   438 1   0    91     1 130922
  442   437   438 2   0    91     1 149539
  443     0     0 1   0    92     0  51529
  444     0     0 2   0    92     0  81393
  445     0     0 2   0    92     0  82672
  446   443   444 1  34    92     1 124422
  447   443   444 1  34    92     1 127731
  448   443   445 1   0    92     1 117324
  449     0     0 1   0    93     0  51533
  450     0     0 2   0    93     0  81397
  451   449   450 1 139    93     1 287248
  452   449   450 1   0    93     1 378857
  453   449   450 1 139    93     1 660951
  454     0     0 1   0    94     0  51535
  455     0     0 2   0    94     0  81399
  456   454   455 1   0    94     1 188145
  457   454   455 1   0    94     1 196952
  458     0     0 1   0    95     0  51537
  459     0     0 1   0    95     0  52707
  460     0     0 2   0    95     0  81401
  461   458   460 1   0    95     1 103515
  462   458   460 1   0    95     1 140420
  463   459   460 2   0    95     1 857263
  464     0     0 1   0    96     0  51538
  465     0     0 2   0    96     0  81402
  466     0     0 2   0    96     0  82673
  467   464   465 1   0    96     1 221319
  468   464   465 1   0    96     1 541943
  469   464   466 2   0    96     1 165840
  470     0     0 1   0    97     0  51541
  471     0     0 2   0    97     0  81405
  472   470   471 1   0    97     1 510225
  473   470   471 1   0    97     1 872562
  474   470   471 1   0    97     1 996782
  475     0     0 1   0    98     0  51552
  476     0     0 2   0    98     0  81416
  477   475   476 1   0    98     1 569864
  478     0     0 1   0    99     0  51553
  479     0     0 2   0    99     0  81417
  480   478   479 1   0    99     1 108323
  481   478   479 1   0    99     1 140117
  482   478   479 2   0    99     1 445543
  483   478   479 2   0    99     1 759869
  484     0     0 1   0   100     0  51555
  485     0     0 2   0   100     0  81419
  486   484   485 1   0   100     1 134223
  487   484   485 1   0   100     1 513130
  488     0     0 1   0   101     0  51559
  489     0     0 2   0   101     0  81423
  490   488   489 1  46   101     1 130316
  491   488   489 1  46   101     1 148234
  492   488   489 1   0   101     1 165234
  493     0     0 1   0   102     0  51561
  494     0     0 2   0   102     0  81425
  495   493   494 1   0   102     1 727553
  496     0     0 1   0   103     0  51566
  497     0     0 2   0   103     0  81430
  498   496   497 1  15   103     1 108121
  499   496   497 1   0   103     1 153025
  500   496   497 1  15   103     1 613538
  501     0     0 1   0   104     0  51576
  502     0     0 2   0   104     0  81440
  503   501   502 1  83   104     1 156334
  504   501   502 1   0   104     1 580347
  505   501   502 1  83   104     1 833249
  506     0     0 1   0   105     0  51577
  507     0     0 2   0   105     0  81441
  508   506   507 1   0   105     1 200816
  509   506   507 1   0   105     1 760551
  510     0     0 1   0   106     0  51582
  511     0     0 2   0   106     0  81446
  512     0     0 2   0   106     0  99982
  513   510   511 1 160   106     1 571043
  514   510   511 1 160   106     1 822244
  515   510   512 2   0   106     1 894067
  516     0     0 1   0   107     0  51584
  517     0     0 2   0   107     0  81448
  518   516   517 1   0   107     1 161630
  519   516   517 1   0   107     1 170631
  520   516   517 2   0   107     1 959069
  521     0     0 1   0   108     0  51593
  522     0     0 2   0   108     0  81457
  523   521   522 1  39   108     1 128127
  524   521   522 2   0   108     1 195849
  525   521   522 1  39   108     1 522434
  526     0     0 1   0   109     0  51599
  527     0     0 2   0   109     0  81463
  528   526   527 1   0   109     1 162733
  529     0     0 1   0   110     0  51603
  530     0     0 2   0   110     0  81467
  531   529   530 1   0   110     1 178142
  532   529   530 1   0   110     1 475855
  533   529   530 1   0   110     1 899885
  534     0     0 1   0   111     0  51609
  535     0     0 2   0   111     0  81473
  536   534   535 1   0   111     1 153126
  537     0     0 1   0   112     0  51612
  538     0     0 2   0   112     0  81476
  539   537   538 1  74   112     1 148133
  540   537   538 2   0   112     1 208630
  541   537   538 1  74   112     1 771354
  542     0     0 1   0   113     0  51613
  543     0     0 2   0   113     0  81477
  544   542   543 1  54   113     1 132118
  545   542   543 1   0   113     1 422632
  546   542   543 1  54   113     1 436845
  547     0     0 1   0   114     0  51618
  548     0     0 2   0   114     0  81482
  549   547   548 1   0   114     1 120414
  550     0     0 1   0   115     0  51627
  551     0     0 2   0   115     0  81491
  552     0     0 2   0   115     0  99981
  553   550   551 1 107   115     1 179952
  554   550   551 1 107   115     1 295146
  555   550   551 1   0   115     1 802844
  556   550   552 1   0   115     1 715041
  557     0     0 1   0   116     0  51628
  558     0     0 2   0   116     0  81492
  559   557   558 1  79   116     1 151425
  560   557   558 1  79   116     1 195445
  561     0     0 1   0   117     0  51639
  562     0     0 2   0   117     0  81503
  563   561   562 1  55   117     1 133019
  564   561   562 1  55   117     1 784565
  565   561   562 2   0   117     1 991267
  566     0     0 1   0   118     0  51644
  567     0     0 2   0   118     0  81508
  568     0     0 2   0   118     0  99994
  569   566   567 1   0   118     1 123925
  570   566   567 1   0   118     1 549757
  571   566   568 1   0   118     1 256540
  572   566   568 2   0   118     1 867468
  573     0     0 1   0   119     0  51651
  574     0     0 2   0   119     0  81515
  575   573   574 1 109   119     1 181232
  576   573   574 1 109   119     1 191841
  577     0     0 1   0   120     0  51663
  578     0     0 2   0   120     0  81527
  579   577   578 1   0   120     1 152932
  580   577   578 1 123   120     1 196750
  581   577   578 1 123   120     1 586460
  582     0     0 1   0   121     0  51665
  583     0     0 2   0   121     0  81529
  584   582   583 1  93   121     1 168947
  585   582   583 1  93   121     1 186848
  586   582   583 2   0   121     1 454140
  587     0     0 1   0   122     0  51672
  588     0     0 2   0   122     0  81536
  589   587   588 1  60   122     1 135528
  590   587   588 1  60   122     1 179548
  591   587   588 2   0   122     1 583858
  592     0     0 1   0   123     0  51673
  593     0     0 2   0   123     0  81537
  594   592   593 1   0   123     1 121719
  595   592   593 2   0   123     1 121921
  596   592   593 1  68   123     1 143830
  597   592   593 1  68   123     1 211922
  598     0     0 1   0   124     0  51676
  599     0     0 2   0   124     0  81540
  600   598   599 1  12   124     1 107018
  601   598   599 1  12   124     1 118023
  602   598   599 1   0   124     1 136732
  603     0     0 1   0   125     0  51678
  604     0     0 2   0   125     0  81542
  605   603   604 1   8   125     1 104012
  606   603   604 1   0   125     1 129129
  607   603   604 1   8   125     1 153732
  608     0     0 1   0   126     0  51679
  609     0     0 2   0   126     0  81543
  610   608   609 1   4   126     1 102311
  611   608   609 1   4   126     1 145834
  612     0     0 1   0   127     0  51689
  613     0     0 2   0   127     0  81553
  614   612   613 1 119   127     1 189349
  615   612   613 1 119   127     1 500222
  616   612   613 1   0   127     1 510326
  617     0     0 1   0   128     0  51690
  618     0     0 2   0   128     0  81554
  619   617   618 2   0   128     1 656253
  620     0     0 1   0   129     0  51695
  621     0     0 2   0   129     0  81559
  622   620   621 1   0   129     1 144125
  623   620   621 1   0   129     1 373039
  624   620   621 1   0   129     1 551138
  625     0     0 1   0   130     0  51698
  626     0     0 2   0   130     0  81562
  627   625   626 1   0   130     1 148840
  628   625   626 2 133   130     1 233326
  629   625   626 2 133   130     1 352738
  630     0     0 1   0   131     0  51702
  631     0     0 2   0   131     0  81566
  632   630   631 2  72   131     1 146432
  633   630   631 1   0   131     1 339847
  634   630   631 2   0   131     1 792766
  635   630   631 2  72   131     1 818859
  636     0     0 1   0   132     0  51706
  637     0     0 2   0   132     0  81570
  638   636   637 2   0   132     1 689470
  639     0     0 1   0   133     0  51707
  640     0     0 2   0   133     0  81571
  641   639   640 2  42   133     1 128935
  642   639   640 2  42   133     1 200311
  643   639   640 1   0   133     1 615744
  644     0     0 1   0   134     0  51715
  645     0     0 2   0   134     0  81579
  646   644   645 2 153   134     1 414229
  647   644   645 2 153   134     1 453441
  648   644   645 2   0   134     1 704238
  649     0     0 1   0   135     0  51716
  650     0     0 2   0   135     0  82528
  651   649   650 2   0   135     1 133928
  652   649   650 2   0   135     1 581349
  653     0     0 1   0   136     0  51717
  654     0     0 2   0   136     0  81581
  655   653   654 2   0   136     1 144428
  656   653   654 2  76   136     1 149337
  657   653   654 2   0   136     1 896879
  658   653   654 2  76   136     1 917255
  659     0     0 1   0   137     0  51730
  660     0     0 2   0   137     0  81594
  661   659   660 2   2   137     1 100408
  662   659   660 1   0   137     1 148032
  663   659   660 2   2   137     1 705341
  664     0     0 1   0   138     0  51749
  665     0     0 2   0   138     0  81613
  666   664   665 2   0   138     1 158136
  667   664   665 1   0   138     1 366042
  668   664   665 2   0   138     1 898176
  669     0     0 1   0   139     0  51750
  670     0     0 2   0   139     0  81614
  671   669   670 2   0   139     1 109123
  672   669   670 2   0   139     1 111514
  673   669   670 1   0   139     1 113619
  674     0     0 1   0   140     0  51751
  675     0     0 2   0   140     0  81615
  676     0     0 1   0   140     0  99984
  677     0     0 2   0   140     0  99985
  678   674   675 2   0   140     1 168341
  679   674   675 2   0   140     1 175540
  680   674   677 1   0   140     1 211316
  681   674   677 1   0   140     1 713239
  682   676   677 1   0   140     1 180836
  683     0     0 1   0   141     0  51752
  684     0     0 2   0   141     0  81616
  685   683   684 2  21   141     1 113922
  686   683   684 2  21   141     1 166438
  687   683   684 1   0   141     1 194847
  688     0     0 1   0   142     0  51753
  689     0     0 2   0   142     0  81617
  690   688   689 1   0   142     1 147636
  691   688   689 2   0   142     1 176744
  692     0     0 1   0   143     0  51755
  693     0     0 2   0   143     0  81619
  694   692   693 2 127   143     1 199655
  695   692   693 1   0   143     1 210415
  696   692   693 2 127   143     1 251833
  697     0     0 1   0   144     0  51769
  698     0     0 2   0   144     0  81633
  699   697   698 2   0   144     1 592455
  700   697   698 2   0   144     1 707749
  701   697   698 2   0   144     1 820745
  702     0     0 1   0   145     0  51774
  703     0     0 2   0   145     0  81638
  704   702   703 2   0   145     1 163331
  705   702   703 2 151   145     1 397861
  706   702   703 2 151   145     1 512835
  707     0     0 1   0   146     0  51782
  708     0     0 2   0   146     0  81646
  709   707   708 1   0   146     1 122519
  710   707   708 2  85   146     1 159138
  711   707   708 2  85   146     1 303624
  712   707   708 1   0   146     1 519950
  713     0     0 1   0   147     0  51784
  714     0     0 2   0   147     0  81648
  715   713   714 2  50   147     1 130720
  716   713   714 2  50   147     1 136530
  717     0     0 1   0   148     0  51785
  718     0     0 2   0   148     0  81649
  719   717   718 2   0   148     1 164030
  720   717   718 2   0   148     1 687062
  721     0     0 1   0   149     0  51786
  722     0     0 2   0   149     0  81650
  723   721   722 2   0   149     1 137027
  724   721   722 2   0   149     1 183034
  725   721   722 1   0   149     1 208832
  726     0     0 1   0   150     0  51789
  727     0     0 2   0   150     0  81653
  728     0     0 2   0   150     0  82529
  729   726   727 2   0   150     1 207628
  730   726   727 2   0   150     1 284646
  731   726   728 1   0   150     1 214221
  732     0     0 1   0   151     0  51798
  733     0     0 2   0   151     0  81662
  734   732   733 2   0   151     1 112920
  735   732   733 1   0   151     1 124624
  736   732   733 2   0   151     1 223929
  737   732   733 2   0   151     1 822850
  738     0     0 1   0   152     0  51799
  739     0     0 2   0   152     0  81663
  740   738   739 2   0   152     1 151728
  741   738   739 1   0   152     1 155635
  742   738   739 2   0   152     1 743248
  743     0     0 1   0   153     0  51802
  744     0     0 2   0   153     0  81666
  745   743   744 2   0   153     1 122317
  746   743   744 2   0   153     1 150625
  747   743   744 2   0   153     1 169141
  748     0     0 1   0   154     0  51806
  749     0     0 2   0   154     0  81670
  750   748   749 2 111   154     1 182840
  751   748   749 2 111   154     1 205119
  752   748   749 1   0   154     1 485757
  753     0     0 1   0   155     0  51809
  754     0     0 2   0   155     0  81673
  755   753   754 2 150   155     1 397760
  756   753   754 2 150   155     1 467351
  757   753   754 2   0   155     1 734045
  758     0     0 1   0   156     0  51817
  759     0     0 2   0   156     0  81681
  760   758   759 1   0   156     1 459453
  761   758   759 2   0   156     1 668361
  762     0     0 1   0   157     0  51820
  763     0     0 2   0   157     0  81684
  764   762   763 2  10   157     1 105115
  765   762   763 2  10   157     1 205826
  766   762   763 1   0   157     1 481143
  767     0     0 1   0   158     0  51826
  768     0     0 2   0   158     0  81690
  769   767   768 2   0   158     1 186141
  770     0     0 1   0   159     0  51831
  771     0     0 2   0   159     0  81695
  772   770   771 2   0   159     1 127933
  773   770   771 2   0   159     1 191336
  774   770   771 2   0   159     1 368551
  775   770   771 2   0   159     1 573249
  776     0     0 1   0   160     0  51832
  777     0     0 2   0   160     0  81696
  778   776   777 2   0   160     1 147030
  779   776   777 2   0   160     1 946666
  780     0     0 1   0   161     0  51833
  781     0     0 2   0   161     0  81697
  782   780   781 2  43   161     1 129028
  783   780   781 2  43   161     1 133625
  784   780   781 1   0   161     1 645551
  785     0     0 1   0   162     0  51837
  786     0     0 2   0   162     0  81701
  787   785   786 2   0   162     1 125222
  788     0     0 1   0   163     0  51838
  789     0     0 2   0   163     0  81702
  790   788   789 2  63   163     1 137532
  791   788   789 2  63   163     1 969476
  792     0     0 1   0   164     0  51852
  793     0     0 2   0   164     0  81716
  794   792   793 2   0   164     1 219231
  795   792   793 2   0   164     1 837863
  796   792   793 2   0   164     1 871964
  797     0     0 1   0   165     0  51864
  798     0     0 2   0   165     0  81728
  799   797   798 2   0   165     1 285446
  800   797   798 2   0   165     1 677766
  801   797   798 2   0   165     1 901038
  802     0     0 1   0   166     0  51866
  803     0     0 2   0   166     0  81730
  804   802   803 2   0   166     1 150726
  805   802   803 2   0   166     1 531536
  806   802   803 2   0   166     1 690152
  807   802   803 2   0   166     1 910241
  808     0     0 1   0   167     0  51888
  809     0     0 2   0   167     0  81752
  810   808   809 2   0   167     1 204218
  811     0     0 1   0   168     0  51890
  812     0     0 2   0   168     0  81754
  813   811   812 1   0   168     1 190031
  814   811   812 2   0   168     1 211215
  815     0     0 1   0   169     0  51891
  816     0     0 2   0   169     0  81755
  817   815   816 2   0   169     1 178950
  818   815   816 1   0   169     1 620434
  819     0     0 1   0   170     0  51900
  820     0     0 2   0   170     0  81764
  821   819   820 2   0   170     1 187143
  822   819   820 1   0   170     1 334635
  823   819   820 1   0   170     1 930449
  824     0     0 1   0   171     0  51911
  825     0     0 2   0   171     0  81775
  826   824   825 2   0   171     1 154734
  827   824   825 1   0   171     1 826454
  828     0     0 1   0   172     0  51916
  829     0     0 2   0   172     0  81780
  830   828   829 1   0   172     1 123420
  831   828   829 1   0   172     1 181131
  832   828   829 2   0   172     1 187850
  833   828   829 2   0   172     1 212116
  834     0     0 1   0   173     0  51945
  835     0     0 2   0   173     0  81809
  836   834   835 2   0   173     1 121416
  837   834   835 1   0   173     1 148335
  838   834   835 1   0   173     1 694362
  839   834   835 1   0   173     1 978578
  840     0     0 1   0   174     0  51956
  841     0     0 2   0   174     0  81820
  842   840   841 2   0   174     1 135427
  843     0     0 1   0   175     0  51969
  844     0     0 2   0   175     0  81833
  845   843   844 2   0   175     1 101107
  846   843   844 2   0   175     1 152831
  847     0     0 1   0   176     0  51977
  848     0     0 2   0   176     0  81841
  849   847   848 1   0   176     1 101915
  850   847   848 2   0   176     1 140824
  851   847   848 2   0   176     1 545345
  852     0     0 1   0   177     0  51989
  853     0     0 2   0   177     0  81853
  854   852   853 1   0   177     1 114318
  855   852   853 2   0   177     1 166640
  856   852   853 2   0   177     1 191235
  857     0     0 1   0   178     0  52006
  858     0     0 2   0   178     0  81870
  859   857   858 1   0   178     1 135225
  860   857   858 2   0   178     1 199453
  861     0     0 1   0   179     0  52010
  862     0     0 2   0   179     0  81874
  863   861   862 2   0   179     1 199958
  864   861   862 2   0   179     1 211720
  865     0     0 1   0   180     0  52014
  866     0     0 2   0   180     0  81878
  867   865   866 1   0   180     1 748662
  868     0     0 1   0   181     0  52018
  869     0     0 2   0   181     0  81882
  870   868   869 2   0   181     1 102008
  871   868   869 2   0   181     1 131924
  872   868   869 1   0   181     1 137633
  873   868   869 2   0   181     1 751348
  874     0     0 1   0   182     0  52023
  875     0     0 2   0   182     0  81887
  876   874   875 1   0   182     1 153833
  877   874   875 2   0   182     1 165032
  878     0     0 1   0   183     0  52038
  879     0     0 2   0   183     0  81902
  880   878   879 2   0   183     1 384448
  881   878   879 2   0   183     1 955465
  882     0     0 1   0   184     0  52040
  883     0     0 2   0   184     0  81904
  884   882   883 1   0   184     1 947668
  885   882   883 2   0   184     1 989987
  886     0     0 1   0   185     0  52049
  887     0     0 2   0   185     0  81913
  888   886   887 2   0   185     1 361941
  889   886   887 1   0   185     1 683256
  890     0     0 1   0   186     0  52054
  891     0     0 2   0   186     0  81918
  892   890   891 2   0   186     1 108828
  893   890   891 2   0   186     1 695768
  894     0     0 1   0   187     0  52060
  895     0     0 2   0   187     0  81924
  896   894   895 2   0   187     1 622236
  897     0     0 1   0   188     0  52063
  898     0     0 2   0   188     0  81927
  899   897   898 1   0   188     1 119126
  900   897   898 1   0   188     1 537952
  901     0     0 1   0   189     0  52069
  902     0     0 2   0   189     0  81933
  903   901   902 2   0   189     1 129634
  904   901   902 2   0   189     1 987074
  905     0     0 1   0   190     0  52076
  906     0     0 2   0   190     0  81940
  907   905   906 1   0   190     1 111716
  908   905   906 2   0   190     1 567052
  909     0     0 1   0   191     0  52089
  910     0     0 2   0   191     0  81953
  911   909   910 1   0   191     1 180129
  912   909   910 2   0   191     1 564046
  913     0     0 1   0   192     0  52092
  914     0     0 2   0   192     0  81956
  915   913   914 1   0   192     1 164939
  916   913   914 2   0   192     1 632845
  917     0     0 1   0   193     0  52110
  918     0     0 2   0   193     0  81974
  919   917   918 1   0   193     1 113821
  920   917   918 2   0   193     1 129432
  921   917   918 1   0   193     1 341935
  922     0     0 1   0   194     0  52115
  923     0     0 2   0   194     0  81979
  924   922   923 2   0   194     1 151324
  925   922   923 2   0   194     1 486759
  926   922   923 1   0   194     1 580044
  927     0     0 1   0   195     0  52125
  928     0     0 2   0   195     0  81989
  929   927   928 2   0   195     1 220721
  930     0     0 1   0   196     0  52130
  931     0     0 2   0   196     0  81994
  932   930   931 1   0   196     1 361234
  933   930   931 2   0   196     1 792867
  934     0     0 1   0   197     0  52134
  935     0     0 2   0   197     0  81998
  936   934   935 1  11   197     1 106016
  937   934   935 1  11   197     1 141422
  938   934   935 2   0   197     1 180937
  939     0     0 1   0   198     0  52137
  940     0     0 2   0   198     0  82001
  941   939   940 1   0   198     1 835657
  942     0     0 1   0   199     0  52138
  943     0     0 2   0   199     0  82002
  944   942   943 1   0   199     1 147737
  945   942   943 1   0   199     1 907656
  946     0     0 1   0   200     0  52141
  947     0     0 2   0   200     0  82005
  948   946   947 1   0   200     1 239944
  949   946   947 1   0   200     1 957974
  950     0     0 1   0   201     0  52144
  951     0     0 2   0   201     0  82007
  952   950   951 1 136   201     1 248238
  953   950   951 1 136   201     1 368753
  954     0     0 1   0   202     0  52150
  955     0     0 2   0   202     0  82013
  956   954   955 1 101   202     1 172938
  957   954   955 1 101   202     1 280739
  958     0     0 1   0   203     0  52158
  959     0     0 2   0   203     0  82021
  960   958   959 1  22   203     1 115017
  961   958   959 1  22   203     1 782561
  962     0     0 1   0   204     0  52164
  963     0     0 2   0   204     0  82027
  964     0     0 2   0   204     0  99980
  965   962   963 1 121   204     1 195041
  966   962   963 1 121   204     1 204521
  967   962   964 1   0   204     1 979984
  968     0     0 1   0   205     0  52168
  969     0     0 2   0   205     0  82031
  970   968   969 1   0   205     1 180432
  971   968   969 1   0   205     1 197651
  972   968   969 1   0   205     1 646048
  973     0     0 1   0   206     0  52169
  974     0     0 2   0   206     0  82032
  975   973   974 2   0   206     1 162228
  976   973   974 1   0   206     1 356948
  977   973   974 1   0   206     1 377451
  978   973   974 1   0   206     1 673455
  979     0     0 1   0   207     0  52173
  980     0     0 2   0   207     0  82036
  981   979   980 1   0   207     1 567759
  982     0     0 1   0   208     0  52185
  983     0     0 2   0   208     0  82048
  984   982   983 1   0   208     1 167440
  985   982   983 2   0   208     1 238033
  986   982   983 1   0   208     1 381038
  987     0     0 1   0   209     0  52194
  988     0     0 2   0   209     0  82057
  989   987   988 1   0   209     1 129331
  990   987   988 1   0   209     1 456346
  991   987   988 1   0   209     1 654350
  992     0     0 1   0   210     0  52195
  993     0     0 2   0   210     0  82058
  994   992   993 1   0   210     1 175742
  995   992   993 2   0   210     1 189652
  996     0     0 1   0   211     0  52198
  997     0     0 2   0   211     0  82061
  998   996   997 2   0   211     1 101410
  999   996   997 1   0   211     1 103414
 1000   996   997 2   0   211     1 932554
 1001     0     0 1   0   212     0  52208
 1002     0     0 2   0   212     0  82071
 1003  1001  1002 1   0   212     1 138130
 1004  1001  1002 1 132   212     1 231928
 1005  1001  1002 1 132   212     1 521331
 1006     0     0 1   0   213     0  52228
 1007     0     0 2   0   213     0  82091
 1008  1006  1007 2   0   213     1 127327
 1009  1006  1007 2  58   213     1 134728
 1010  1006  1007 2  58   213     1 148436
 1011     0     0 1   0   214     0  52229
 1012     0     0 2   0   214     0  82092
 1013  1011  1012 2   0   214     1 151930
 1014  1011  1012 2   0   214     1 325129
 1015     0     0 1   0   215     0  52234
 1016     0     0 2   0   215     0  82097
 1017  1015  1016 1   0   215     1 569965
 1018  1015  1016 2 161   215     1 578158
 1019  1015  1016 2 161   215     1 888678
 1020     0     0 1   0   216     0  52238
 1021     0     0 2   0   216     0  82101
 1022  1020  1021 2 163   216     1 675661
 1023  1020  1021 2 163   216     1 723141
 1024     0     0 1   0   217     0  52242
 1025     0     0 2   0   217     0  82105
 1026  1024  1025 2   0   217     1 140723
 1027  1024  1025 2   0   217     1 203418
 1028  1024  1025 2   0   217     1 958976
 1029     0     0 1   0   218     0  52246
 1030     0     0 2   0   218     0  82109
 1031  1029  1030 2   0   218     1 555954
 1032     0     0 1   0   219     0  52251
 1033     0     0 2   0   219     0  82114
 1034  1032  1033 1  51   219     1 131217
 1035  1032  1033 2   0   219     1 173132
 1036  1032  1033 1  51   219     1 365343
 1037     0     0 1   0   220     0  52259
 1038     0     0 2   0   220     0  82122
 1039  1037  1038 2   0   220     1 100004
 1040  1037  1038 2   0   220     1 308331
 1041     0     0 1   0   221     0  52269
 1042     0     0 2   0   221     0  82132
 1043  1041  1042 1  95   221     1 169444
 1044  1041  1042 1   0   221     1 209127
 1045  1041  1042 1  95   221     1 901442
 1046     0     0 1   0   222     0  52270
 1047     0     0 2   0   222     0  82133
 1048  1046  1047 2   0   222     1 109325
 1049  1046  1047 2   0   222     1 392447
 1050  1046  1047 2   0   222     1 922854
 1051     0     0 1   0   223     0  52273
 1052     0     0 2   0   223     0  82136
 1053  1051  1052 2  87   223     1 159340
 1054  1051  1052 2   0   223     1 217126
 1055  1051  1052 2  87   223     1 497865
 1056     0     0 1   0   224     0  52274
 1057     0     0 2   0   224     0  82137
 1058  1056  1057 1 105   224     1 177645
 1059  1056  1057 1 105   224     1 212419
 1060     0     0 1   0   225     0  52291
 1061     0     0 2   0   225     0  82154
 1062  1060  1061 2   0   225     1 210011
 1063  1060  1061 2 146   225     1 380036
 1064  1060  1061 2 146   225     1 385450
 1065     0     0 1   0   226     0  52298
 1066     0     0 2   0   226     0  82161
 1067  1065  1066 2   0   226     1 725751
 1068  1065  1066 1   0   226     1 786569
 1069  1065  1066 2   0   226     1 814649
 1070     0     0 1   0   227     0  52307
 1071     0     0 2   0   227     0  82170
 1072  1070  1071 2  81   227     1 153934
 1073  1070  1071 2  81   227     1 300719
 1074     0     0 1   0   228     0  52312
 1075     0     0 2   0   228     0  82175
 1076  1074  1075 2  80   228     1 151526
 1077  1074  1075 2  80   228     1 352132
 1078  1074  1075 1   0   228     1 912548
 1079     0     0 1   0   229     0  52321
 1080     0     0 2   0   229     0  82184
 1081  1079  1080 2   0   229     1 106218
 1082  1079  1080 1   0   229     1 192035
 1083     0     0 1   0   230     0  52326
 1084     0     0 2   0   230     0  82189
 1085  1083  1084 2  75   230     1 148941
 1086  1083  1084 2  75   230     1 163129
 1087  1083  1084 1   0   230     1 816653
 1088     0     0 1   0   231     0  52332
 1089     0     0 2   0   231     0  82195
 1090  1088  1089 1  20   231     1 113417
 1091  1088  1089 2   0   231     1 435136
 1092  1088  1089 1  20   231     1 620333
 1093     0     0 1   0   232     0  52338
 1094     0     0 2   0   232     0  82201
 1095  1093  1094 2   0   232     1 126628
 1096  1093  1094 2   0   232     1 171633
 1097  1093  1094 2   0   232     1 172130
 1098  1093  1094 1   0   232     1 208024
 1099     0     0 1   0   233     0  52342
 1100     0     0 2   0   233     0  82205
 1101  1099  1100 2   0   233     1 164131
 1102  1099  1100 2   0   233     1 173334
 1103  1099  1100 2   0   233     1 386250
 1104     0     0 1   0   234     0  52343
 1105     0     0 2   0   234     0  82206
 1106  1104  1105 2   0   234     1 133221
 1107     0     0 1   0   235     0  52345
 1108     0     0 2   0   235     0  82208
 1109  1107  1108 1  29   235     1 117021
 1110  1107  1108 1  29   235     1 198047
 1111     0     0 1   0   236     0  52348
 1112     0     0 2   0   236     0  82211
 1113  1111  1112 2 147   236     1 385046
 1114  1111  1112 2   0   236     1 584355
 1115  1111  1112 2 147   236     1 878877
 1116     0     0 1   0   237     0  52364
 1117     0     0 2   0   237     0  82227
 1118  1116  1117 1   0   237     1 131722
 1119  1116  1117 1   0   237     1 389357
 1120  1116  1117 2   0   237     1 994273
 1121     0     0 1   0   238     0  52369
 1122     0     0 2   0   238     0  82232
 1123  1121  1122 1   0   238     1 146634
 1124  1121  1122 2   0   238     1 154330
 1125  1121  1122 1   0   238     1 370740
 1126     0     0 1   0   239     0  52370
 1127     0     0 2   0   239     0  82233
 1128  1126  1127 1 120   239     1 191033
 1129  1126  1127 2   0   239     1 214726
 1130  1126  1127 1 120   239     1 872764
 1131     0     0 1   0   240     0  52379
 1132     0     0 2   0   240     0  82242
 1133  1131  1132 1 135   240     1 245333
 1134  1131  1132 2   0   240     1 599065
 1135  1131  1132 1 135   240     1 761957
 1136  1131  1132 2   0   240     1 765056
 1137  1131  1132 1   0   240     1 959574
 1138     0     0 1   0   241     0  52380
 1139     0     0 2   0   241     0  82243
 1140  1138  1139 2   0   241     1 138534
 1141  1138  1139 1   0   241     1 224022
 1142  1138  1139 1   0   241     1 570243
 1143     0     0 1   0   242     0  52383
 1144     0     0 2   0   242     0  82246
 1145  1143  1144 2   0   242     1 201717
 1146  1143  1144 1   0   242     1 480141
 1147     0     0 1   0   243     0  52385
 1148     0     0 2   0   243     0  82248
 1149  1147  1148 2   0   243     1 101309
 1150  1147  1148 2   0   243     1 406432
 1151  1147  1148 2   0   243     1 540436
 1152  1147  1148 2   0   243     1 880157
 1153  1147  1148 2   0   243     1 965367
 1154     0     0 1   0   244     0  52405
 1155     0     0 2   0   244     0  82262
 1156  1154  1155 2   0   244     1 142424
 1157  1154  1155 1   0   244     1 208428
 1158  1154  1155 2   0   244     1 571548
 1159     0     0 1   0   245     0  52410
 1160     0     0 2   0   245     0  82265
 1161     0     0 2   0   245     0  99979
 1162  1159  1160 1   0   245     1 204117
 1163  1159  1160 2   0   245     1 729254
 1164  1159  1160 1   0   245     1 877269
 1165  1159  1161 2   0   245     1 121315
 1166  1159  1161 2   0   245     1 782157
 1167     0     0 1   0   246     0  52411
 1168     0     0 2   0   246     0  82266
 1169     0     0 2   0   246     0  82670
 1170  1167  1168 1   0   246     1 197449
 1171  1167  1168 2   0   246     1 756055
 1172  1167  1169 2   0   246     1 199554
 1173     0     0 1   0   247     0  52419
 1174     0     0 2   0   247     0  82271
 1175  1173  1174 2   0   247     1 154936
 1176  1173  1174 1   0   247     1 599469
 1177     0     0 1   0   248     0  52442
 1178     0     0 2   0   248     0  82285
 1179  1177  1178 1   0   248     1 749361
 1180  1177  1178 2   0   248     1 833148
 1181     0     0 1   0   249     0  52447
 1182     0     0 2   0   249     0  82290
 1183  1181  1182 2   0   249     1 185038
 1184     0     0 1   0   250     0  52450
 1185     0     0 2   0   250     0  82293
 1186  1184  1185 1   0   250     1 170934
 1187  1184  1185 2   0   250     1 194645
 1188  1184  1185 1   0   250     1 415837
 1189     0     0 1   0   251     0  52462
 1190     0     0 2   0   251     0  82302
 1191  1189  1190 2   0   251     1 940553
 1192     0     0 1   0   252     0  52467
 1193     0     0 2   0   252     0  82307
 1194  1192  1193 2   0   252     1 837560
 1195     0     0 1   0   253     0  52468
 1196     0     0 2   0   253     0  82308
 1197  1195  1196 1   0   253     1 120515
 1198  1195  1196 1   0   253     1 188347
 1199  1195  1196 2   0   253     1 300618
 1200     0     0 1   0   254     0  52493
 1201     0     0 2   0   254     0  82328
 1202     0     0 2   0   254     0  82671
 1203  1200  1201 1   0   254     1 107321
 1204  1200  1201 2   0   254     1 196548
 1205  1200  1201 1   0   254     1 561242
 1206  1200  1202 2   0   254     1 160123
 1207     0     0 1   0   255     0  52496
 1208     0     0 2   0   255     0  82331
 1209  1207  1208 2   0   255     1 123117
 1210  1207  1208 2   0   255     1 178748
 1211  1207  1208 2   0   255     1 209935
 1212     0     0 1   0   256     0  52497
 1213     0     0 2   0   256     0  82332
 1214  1212  1213 1   0   256     1 211518
 1215     0     0 1   0   257     0  52498
 1216     0     0 2   0   257     0  82333
 1217  1215  1216 1   0   257     1 160830
 1218  1215  1216 1   0   257     1 182032
 1219  1215  1216 2   0   257     1 298455
 1220     0     0 1   0   258     0  52500
 1221     0     0 2   0   258     0  82334
 1222  1220  1221 2   0   258     1 915554
 1223     0     0 1   0   259     0  52514
 1224     0     0 1   0   259     0  52849
 1225     0     0 2   0   259     0  82348
 1226     0     0 2   0   259     0  99995
 1227  1223  1225 2   0   259     1 143527
 1228  1223  1226 1   0   259     1 118528
 1229  1224  1225 1   0   259     1 201414
 1230     0     0 1   0   260     0  52526
 1231     0     0 2   0   260     0  82359
 1232  1230  1231 1   0   260     1 127630
 1233  1230  1231 1   0   260     1 165941
 1234  1230  1231 1   0   260     1 566454
 1235  1230  1231 2   0   260     1 687163
 1236     0     0 1   0   261     0  52532
 1237     0     0 2   0   261     0  82364
 1238  1236  1237 1   0   261     1 465852
 1239     0     0 1   0   262     0  52535
 1240     0     0 2   0   262     0  82366
 1241  1239  1240 1   0   262     1 211114
 1242  1239  1240 1   0   262     1 268850
 1243  1239  1240 1   0   262     1 565452
 1244  1239  1240 2   0   262     1 965771
 1245     0     0 1   0   263     0  52564
 1246     0     0 2   0   263     0  82389
 1247  1245  1246 1   0   263     1 132320
 1248  1245  1246 1   0   263     1 179043
 1249  1245  1246 1   0   263     1 303119
 1250     0     0 1   0   264     0  52575
 1251     0     0 2   0   264     0  82399
 1252  1250  1251 1   0   264     1 141624
 1253  1250  1251 1   0   264     1 263032
 1254     0     0 1   0   265     0  52586
 1255     0     0 2   0   265     0  99991
 1256     0     0 2   0   265     0  99992
 1257     0     0 2   0   265     0  99993
 1258  1254  1255 2   0   265     1 108525
 1259  1254  1256 1   0   265     1 116322
 1260  1254  1257 1   0   265     1 146331
 1261     0     0 1   0   266     0  52587
 1262     0     0 2   0   266     0  82406
 1263     0     0 2   0   266     0  99978
 1264  1261  1262 1   0   266     1 140925
 1265  1261  1262 2   0   266     1 175035
 1266  1261  1263 1   0   266     1 209834
 1267     0     0 1   0   267     0  52629
 1268     0     0 2   0   267     0  82448
 1269  1267  1268 1   0   267     1 173435
 1270  1267  1268 2   0   267     1 198350
 1271     0     0 1   0   268     0  52638
 1272     0     0 2   0   268     0  82457
 1273  1271  1272 1   0   268     1 212217
 1274  1271  1272 1   0   268     1 587664
 1275  1271  1272 1   0   268     1 882161
 1276     0     0 1   0   269     0  52640
 1277     0     0 2   0   269     0  82459
 1278  1276  1277 1   0   269     1 180230
 1279  1276  1277 1   0   269     1 188448
 1280  1276  1277 2   0   269     1 843151
 1281     0     0 1   0   270     0  52649
 1282     0     0 2   0   270     0  82468
 1283  1281  1282 1   0   270     1 316633
 1284  1281  1282 2   0   270     1 541640
 1285     0     0 1   0   271     0  52660
 1286     0     0 2   0   271     0  82479
 1287  1285  1286 2   0   271     1 189450
 1288  1285  1286 1   0   271     1 355239
 1289     0     0 1   0   272     0  52662
 1290     0     0 2   0   272     0  82481
 1291  1289  1290 2   0   272     1 112112
 1292  1289  1290 2   0   272     1 161832
 1293     0     0 1   0   273     0  52697
 1294     0     0 2   0   273     0  82516
 1295  1293  1294 2   0   273     1 178849
 1296  1293  1294 2   0   273     1 211821
 1297  1293  1294 1   0   273     1 567961
 1298  1293  1294 2   0   273     1 594156
 1299     0     0 1   0   274     0  52715
 1300     0     0 2   0   274     0  82538
 1301     0     0 2   0   274     0  99977
 1302  1299  1300 2   0   274     1 789373
 1303  1299  1300 2   0   274     1 871762
 1304  1299  1301 1   0   274     1 204016
 1305     0     0 1   0   275     0  52727
 1306     0     0 2   0   275     0  82548
 1307  1305  1306 2   0   275     1 136631
 1308  1305  1306 2   0   275     1 151021
 1309  1305  1306 2   0   275     1 157235
 1310  1305  1306 2 124   275     1 196851
 1311  1305  1306 2 124   275     1 825553
 1312     0     0 1   0   276     0  52747
 1313     0     0 2   0   276     0  82568
 1314  1312  1313 2  77   276     1 149741
 1315  1312  1313 1   0   276     1 197954
 1316  1312  1313 2  77   276     1 433839
 1317     0     0 1   0   277     0  52753
 1318     0     0 2   0   277     0  82574
 1319  1317  1318 2  98   277     1 172029
 1320  1317  1318 2   0   277     1 173233
 1321  1317  1318 2   0   277     1 644044
 1322  1317  1318 2  98   277     1 912447
 1323     0     0 1   0   278     0  52755
 1324     0     0 2   0   278     0  82576
 1325  1323  1324 2   0   278     1 136227
 1326  1323  1324 2   0   278     1 192843
 1327     0     0 1   0   279     0  52756
 1328     0     0 2   0   279     0  82577
 1329  1327  1328 2   0   279     1 169949
 1330  1327  1328 2   0   279     1 175944
 1331  1327  1328 1   0   279     1 814548
 1332     0     0 1   0   280     0  52757
 1333     0     0 2   0   280     0  82578
 1334  1332  1333 2  26   280     1 116423
 1335  1332  1333 2  26   280     1 154532
 1336  1332  1333 2   0   280     1 700634
 1337     0     0 1   0   281     0  52758
 1338     0     0 2   0   281     0  82579
 1339  1337  1338 2 154   281     1 461743
 1340  1337  1338 2 154   281     1 519647
 1341     0     0 1   0   282     0  52761
 1342     0     0 2   0   282     0  82582
 1343     0     0 2   0   282     0  99976
 1344  1341  1342 2   0   282     1 124321
 1345  1341  1342 1   0   282     1 155231
 1346  1341  1342 2   0   282     1 742549
 1347  1341  1343 1   0   282     1 397154
 1348     0     0 1   0   283     0  52769
 1349     0     0 2   0   283     0  82590
 1350     0     0 2   0   283     0  99986
 1351  1348  1349 2  27   283     1 116524
 1352  1348  1349 2  27   283     1 395958
 1353  1348  1350 2   0   283     1 137936
 1354     0     0 1   0   284     0  52793
 1355     0     0 2   0   284     0  82614
 1356  1354  1355 2 104   284     1 177241
 1357  1354  1355 2 104   284     1 188246
 1358  1354  1355 2   0   284     1 188751
 1359     0     0 1   0   285     0  52795
 1360     0     0 2   0   285     0  82616
 1361  1359  1360 2   0   285     1 145531
 1362  1359  1360 2   0   285     1 599671
 1363     0     0 1   0   286     0  52796
 1364     0     0 2   0   286     0  82617
 1365  1363  1364 1   0   286     1 160729
 1366  1363  1364 2  91   286     1 165436
 1367  1363  1364 1   0   286     1 175136
 1368  1363  1364 2  91   286     1 971160
 1369     0     0 1   0   287     0  52801
 1370     0     0 2   0   287     0  82622
 1371  1369  1370 2  70   287     1 145632
 1372  1369  1370 2  70   287     1 165638
 1373  1369  1370 2   0   287     1 849971
 1374  1369  1370 2   0   287     1 983773
 1375     0     0 1   0   288     0  52803
 1376     0     0 2   0   288     0  82624
 1377  1375  1376 1   0   288     1 680250
 1378  1375  1376 2 166   288     1 729355
 1379  1375  1376 2 166   288     1 769064
 1380     0     0 1   0   289     0  52809
 1381     0     0 2   0   289     0  82630
 1382  1380  1381 2  47   289     1 130417
 1383  1380  1381 2   0   289     1 176239
 1384  1380  1381 2  47   289     1 662551
 1385     0     0 1   0   290     0  52813
 1386     0     0 2   0   290     0  82634
 1387  1385  1386 2   0   290     1 100610
 1388  1385  1386 2   0   290     1 118225
 1389  1385  1386 2   0   290     1 818455
 1390     0     0 1   0   291     0  52815
 1391     0     0 2   0   291     0  82636
 1392  1390  1391 2  69   291     1 144933
 1393  1390  1391 2  69   291     1 194443
 1394  1390  1391 1   0   291     1 869472
 1395     0     0 1   0   292     0  52816
 1396     0     0 2   0   292     0  82637
 1397  1395  1396 2   0   292     1 158843
 1398  1395  1396 2  97   292     1 171330
 1399  1395  1396 2  97   292     1 393550
 1400     0     0 1   0   293     0  52823
 1401     0     0 2   0   293     0  82644
 1402  1400  1401 2   0   293     1 115219
 1403  1400  1401 2  67   293     1 141119
 1404  1400  1401 2  67   293     1 342129
 1405     0     0 1   0   294     0  52826
 1406     0     0 2   0   294     0  82647
 1407  1405  1406 2   0   294     1 198855
 1408  1405  1406 2   0   294     1 623844
 1409  1405  1406 2   0   294     1 689369
 1410     0     0 1   0   295     0  52838
 1411     0     0 2   0   295     0  82659
 1412  1410  1411 2   0   295     1 102614
 1413     0     0 1   0   296     0  52839
 1414     0     0 2   0   296     0  82660
 1415  1413  1414 2   0   296     1 146533
 1416     0     0 1   0   297     0  52840
 1417     0     0 2   0   297     0  82661
 1418  1416  1417 2 116   297     1 186242
 1419  1416  1417 2 116   297     1 218128
 1420     0     0 1   0   298     0  52844
 1421     0     0 2   0   298     0  82665
 1422  1420  1421 2  57   298     1 134627
 1423  1420  1421 2  57   298     1 943862
 1424     0     0 1   0   299     0  52848
 1425     0     0 2   0   299     0  82669
 1426  1424  1425 2  66   299     1 139839
 1427  1424  1425 2   0   299     1 159946
 1428  1424  1425 2  66   299     1 341834
 1429     0     0 1   0   300     0  52870
 1430     0     0 2   0   300     0  82692
 1431  1429  1430 1 167   300     1 757764
 1432  1429  1430 1 167   300     1 905147
 1433     0     0 1   0   301     0  52872
 1434     0     0 2   0   301     0  82694
 1435  1433  1434 2   0   301     1 114419
 1436  1433  1434 1 106   301     1 178647
 1437  1433  1434 1 106   301     1 182436
 1438     0     0 1   0   302     0  52873
 1439     0     0 2   0   302     0  82695
 1440     0     0 2   0   302     0  99975
 1441  1438  1439 1 112   302     1 183337
 1442  1438  1439 1 112   302     1 555348
 1443  1438  1440 2   0   302     1 311320
 1444     0     0 1   0   303     0  52874
 1445     0     0 2   0   303     0  82696
 1446  1444  1445 1  82   303     1 154835
 1447  1444  1445 1   0   303     1 285345
 1448  1444  1445 1  82   303     1 917558
 1449     0     0 1   0   304     0  52875
 1450     0     0 2   0   304     0  82697
 1451  1449  1450 1  40   304     1 128329
 1452  1449  1450 2   0   304     1 193441
 1453  1449  1450 2   0   304     1 208327
 1454  1449  1450 1  40   304     1 837964
 1455     0     0 1   0   305     0  52884
 1456     0     0 2   0   305     0  82706
 1457  1455  1456 1   0   305     1 180735
 1458  1455  1456 1   0   305     1 633847
 1459  1455  1456 2   0   305     1 816855
 1460     0     0 1   0   306     0  52894
 1461     0     0 2   0   306     0  82716
 1462  1460  1461 1   0   306     1 192641
 1463  1460  1461 2   0   306     1 497764
 1464  1460  1461 1   0   306     1 825048
 1465     0     0 1   0   307     0  52901
 1466     0     0 2   0   307     0  82723
 1467  1465  1466 2   0   307     1 102109
 1468  1465  1466 1   0   307     1 209531
 1469  1465  1466 1 131   307     1 214625
 1470  1465  1466 1 131   307     1 911849
 1471     0     0 1   0   308     0  52903
 1472     0     0 2   0   308     0  82725
 1473  1471  1472 1   0   308     1 576255
 1474  1471  1472 2   0   308     1 908860
 1475     0     0 1   0   309     0  52907
 1476     0     0 2   0   309     0  82729
 1477  1475  1476 2   0   309     1 121618
 1478  1475  1476 1   0   309     1 163836
 1479     0     0 1   0   310     0  52909
 1480     0     0 2   0   310     0  82731
 1481  1479  1480 1   0   310     1 623137
 1482     0     0 1   0   311     0  52910
 1483     0     0 2   0   311     0  82732
 1484  1482  1483 1   0   311     1 185341
 1485  1482  1483 1 142   311     1 304727
 1486  1482  1483 1 142   311     1 856463
 1487     0     0 1   0   312     0  52913
 1488     0     0 2   0   312     0  82735
 1489  1487  1488 1 149   312     1 395756
 1490  1487  1488 1 149   312     1 644246
 1491     0     0 1   0   313     0  52921
 1492     0     0 2   0   313     0  82743
 1493  1491  1492 1   0   313     1 107725
 1494  1491  1492 1 110   313     1 181636
 1495  1491  1492 1 110   313     1 536647
 1496     0     0 1   0   314     0  52925
 1497     0     0 2   0   314     0  82747
 1498  1496  1497 1   0   314     1 105923
 1499  1496  1497 2   0   314     1 108222
 1500     0     0 1   0   315     0  52926
 1501     0     0 2   0   315     0  82748
 1502  1500  1501 1  56   315     1 133726
 1503  1500  1501 1  56   315     1 159845
 1504     0     0 1   0   316     0  52932
 1505     0     0 2   0   316     0  82754
 1506  1504  1505 2   0   316     1 136126
 1507  1504  1505 1  92   316     1 167238
 1508  1504  1505 1  92   316     1 693461
 1509     0     0 1   0   317     0  52933
 1510     0     0 2   0   317     0  82755
 1511  1509  1510 1   0   317     1 189551
 1512  1509  1510 1   0   317     1 212520
 1513     0     0 1   0   318     0  52936
 1514     0     0 2   0   318     0  82758
 1515  1513  1514 1   0   318     1 173536
 1516  1513  1514 1 118   318     1 187547
 1517  1513  1514 1 118   318     1 200109
 1518     0     0 1   0   319     0  52938
 1519     0     0 2   0   319     0  82760
 1520  1518  1519 1  73   319     1 146937
 1521  1518  1519 2   0   319     1 346137
 1522  1518  1519 1  73   319     1 401422
 1523  1518  1519 2   0   319     1 942658
 1524     0     0 1   0   320     0  52941
 1525     0     0 2   0   320     0  82763
 1526  1524  1525 2   0   320     1 107119
 1527  1524  1525 1  48   320     1 130518
 1528  1524  1525 1  48   320     1 562345
 1529     0     0 1   0   321     0  52942
 1530     0     0 2   0   321     0  82764
 1531  1529  1530 1   0   321     1 184642
 1532  1529  1530 1   0   321     1 453542
 1533     0     0 1   0   322     0  52962
 1534     0     0 2   0   322     0  82784
 1535  1533  1534 2   0   322     1 336841
 1536  1533  1534 1   0   322     1 346945
 1537     0     0 1   0   323     0  52968
 1538     0     0 2   0   323     0  82790
 1539  1537  1538 2   0   323     1 138332
 1540  1537  1538 1   0   323     1 952863
 1541     0     0 1   0   324     0  52969
 1542     0     0 2   0   324     0  82791
 1543  1541  1542 2   0   324     1 580751
 1544     0     0 1   0   325     0  52973
 1545     0     0 2   0   325     0  82795
 1546  1544  1545 2   0   325     1 192136
 1547  1544  1545 1   0   325     1 632037
 1548     0     0 1   0   326     0  53000
 1549     0     0 2   0   326     0  82822
 1550  1548  1549 1   0   326     1 132017
 1551  1548  1549 2   0   326     1 815247
 1552     0     0 1   0   327     0  53001
 1553     0     0 2   0   327     0  82823
 1554  1552  1553 2   0   327     1 194746
 1555  1552  1553 2   0   327     1 317332
 1556  1552  1553 1   0   327     1 737960
 1557     0     0 1   0   328     0  53033
 1558     0     0 2   0   328     0  82855
 1559  1557  1558 1   0   328     1 350330
 1560  1557  1558 2   0   328     1 421226
 1561  1557  1558 2   0   328     1 559457
 1562     0     0 1   0   329     0  53034
 1563     0     0 2   0   329     0  82856
 1564  1562  1563 2   0   329     1 561444
 1565     0     0 1   0   330     0  53087
 1566     0     0 2   0   330     0  82909
 1567  1565  1566 1   0   330     1 309636
 1568  1565  1566 2   0   330     1 523032
 1569     0     0 1   0   331     0  53121
 1570     0     0 2   0   331     0  82943
 1571  1569  1570 1   0   331     1 156031
 1572  1569  1570 1   0   331     1 663755
 1573  1569  1570 1   0   331     1 910443
 1574     0     0 1   0   332     0  53171
 1575     0     0 2   0   332     0  82993
 1576  1574  1575 1   0   332     1 120010
 1577  1574  1575 1   0   332     1 286347
 1578     0     0 1   0   333     0  53178
 1579     0     0 2   0   333     0  83000
 1580  1578  1579 2   0   333     1 213522
 1581  1578  1579 1   0   333     1 395251
 1582     0     0 1   0   334     0  53230
 1583     0     0 2   0   334     0  83052
 1584  1582  1583 1   0   334     1 173637
 1585  1582  1583 1   0   334     1 204319
 1586     0     0 1   0   335     0  53251
 1587     0     0 2   0   335     0  83073
 1588  1586  1587 1   0   335     1 112314
 1589  1586  1587 1   0   335     1 115724
 1590  1586  1587 1   0   335     1 176845
 1591  1586  1587 2   0   335     1 693764
 1592     0     0 1   0   336     0  53257
 1593     0     0 2   0   336     0  83079
 1594  1592  1593 1   0   336     1 175338
 1595  1592  1593 2   0   336     1 206525
 1596  1592  1593 1   0   336     1 457045
 1597     0     0 1   0   337     0  53275
 1598     0     0 2   0   337     0  83097
 1599  1597  1598 1   0   337     1 154229
 1600  1597  1598 2   0   337     1 825351
 1601     0     0 1   0   338     0  53277
 1602     0     0 2   0   338     0  83099
 1603  1601  1602 1   0   338     1 117728
 1604     0     0 1   0   339     0  53288
 1605     0     0 2   0   339     0  83110
 1606  1604  1605 1   0   339     1 186444
 1607  1604  1605 2   0   339     1 211619
 1608     0     0 1   0   340     0  53300
 1609     0     0 2   0   340     0  83122
 1610  1608  1609 2   0   340     1 212015
 1611     0     0 1   0   341     0  53303
 1612     0     0 2   0   341     0  83125
 1613  1611  1612 2   0   341     1 114621
 1614  1611  1612 2   0   341     1 135730
 1615  1611  1612 1   0   341     1 333330
 1616  1611  1612 2   0   341     1 647858
 1617     0     0 1   0   342     0  53307
 1618     0     0 2   0   342     0  83129
 1619  1617  1618 1   0   342     1 555651
 1620     0     0 1   0   343     0  53392
 1621     0     0 2   0   343     0  83214
 1622  1620  1621 2   0   343     1 138837
 1623  1620  1621 1   0   343     1 173839
 1624     0     0 1   0   344     0  54162
 1625     0     0 2   0   344     0  83984
 1626  1624  1625 2   0   344     1 173738
 1627  1624  1625 2   0   344     1 354944
 1628  1624  1625 1   0   344     1 531940
 1629  1624  1625 1   0   344     1 634748
 1630     0     0 1   0   345     0  54572
 1631     0     0 2   0   345     0  84394
 1632  1630  1631 1  16   345     1 110007
 1633  1630  1631 1  16   345     1 341733
 1634     0     0 1   0   346     0  54588
 1635     0     0 2   0   346     0  84410
 1636  1634  1635 2   0   346     1 574958
 1637     0     0 1   0   347     0  54603
 1638     0     0 2   0   347     0  84425
 1639  1637  1638 2   0   347     1 329844
 1640     0     0 1   0   348     0  54606
 1641     0     0 2   0   348     0  84428
 1642  1640  1641 1   0   348     1 109830
 1643  1640  1641 1   0   348     1 614439
 1644     0     0 1   0   349     0  54609
 1645     0     0 2   0   349     0  84431
 1646  1644  1645 2 141   349     1 299760
 1647  1644  1645 2 141   349     1 763557
 1648  1644  1645 1   0   349     1 970764
 1649     0     0 1   0   350     0  54623
 1650     0     0 2   0   350     0  84445
 1651  1649  1650 2   0   350     1 145127
 1652  1649  1650 2   0   350     1 188549
 1653     0     0 1   0   351     0  54624
 1654     0     0 2   0   351     0  84446
 1655  1653  1654 1   0   351     1 208125
 1656  1653  1654 2   0   351     1 548250
 1657  1653  1654 2   0   351     1 720337
 1658     0     0 1   0   352     0  54628
 1659     0     0 2   0   352     0  84450
 1660  1658  1659 2  13   352     1 107422
 1661  1658  1659 2  13   352     1 573451
 1662     0     0 1   0   353     0  54634
 1663     0     0 2   0   353     0  84456
 1664  1662  1663 2 114   353     1 185442
 1665  1662  1663 1   0   353     1 513736
 1666  1662  1663 2 114   353     1 601127
 1667     0     0 1   0   354     0  54638
 1668     0     0 2   0   354     0  84460
 1669  1667  1668 1   0   354     1 168745
 1670  1667  1668 2   0   354     1 449753
 1671     0     0 1   0   355     0  54643
 1672     0     0 2   0   355     0  84465
 1673  1671  1672 1   9   355     1 104416
 1674  1671  1672 1   9   355     1 187345
 1675     0     0 1   0   356     0  54644
 1676     0     0 2   0   356     0  84466
 1677  1675  1676 1   0   356     1 529549
 1678  1675  1676 1   0   356     1 873968
 1679     0     0 1   0   357     0  54645
 1680     0     0 2   0   357     0  84467
 1681  1679  1680 1   0   357     1 149236
 1682  1679  1680 1   0   357     1 290136
 1683     0     0 1   0   358     0  54646
 1684     0     0 2   0   358     0  84468
 1685  1683  1684 2   0   358     1 227432
 1686  1683  1684 1   0   358     1 845458
 1687     0     0 1   0   359     0  54648
 1688     0     0 2   0   359     0  84470
 1689  1687  1688 1   0   359     1 199352
 1690  1687  1688 2   0   359     1 604537
 1691     0     0 1   0   360     0  54649
 1692     0     0 2   0   360     0  84471
 1693  1691  1692 2   0   360     1 156536
 1694  1691  1692 1   0   360     1 657659
 1695     0     0 1   0   361     0  54655
 1696     0     0 2   0   361     0  84477
 1697  1695  1696 2   0   361     1 348545
 1698  1695  1696 2   0   361     1 524135
 1699     0     0 1   0   362     0  54660
 1700     0     0 2   0   362     0  84482
 1701  1699  1700 1   0   362     1 701535
 1702     0     0 1   0   363     0  55646
 1703     0     0 2   0   363     0  85468
 1704  1702  1703 1  37   363     1 126426
 1705  1702  1703 1  37   363     1 146735
 1706     0     0 1   0   364     0  55651
 1707     0     0 2   0   364     0  85473
 1708  1706  1707 2   0   364     1 185846
 1709  1706  1707 1 138   364     1 263436
 1710  1706  1707 1 138   364     1 320826
 1711  1706  1707 1   0   364     1 481951
 1712  1706  1707 2   0   364     1 495255
 1713  1706  1707 2   0   364     1 773257
 1714     0     0 1   0   365     0  55682
 1715     0     0 2   0   365     0  85504
 1716  1714  1715 1   0   365     1 419239
 1717  1714  1715 1   0   365     1 825654
 1718     0     0 1   0   366     0  55686
 1719     0     0 2   0   366     0  85508
 1720  1718  1719 1   0   366     1 131419
 1721  1718  1719 1 128   366     1 200008
 1722  1718  1719 1 128   366     1 767464
 1723     0     0 1   0   367     0  55694
 1724     0     0 2   0   367     0  85516
 1725  1723  1724 1  49   367     1 130619
 1726  1723  1724 1  49   367     1 144731
 1727  1723  1724 2   0   367     1 152225
 1728  1723  1724 2   0   367     1 856968
 1729     0     0 1   0   368     0  55695
 1730     0     0 2   0   368     0  85517
 1731  1729  1730 1   0   368     1 105620
 1732  1729  1730 2   0   368     1 392750
 1733  1729  1730 1   0   368     1 525541
 1734  1729  1730 1   0   368     1 617748
 1735     0     0 1   0   369     0  55697
 1736     0     0 2   0   369     0  85519
 1737  1735  1736 2   0   369     1 169545
 1738  1735  1736 1 155   369     1 469961
 1739  1735  1736 1 155   369     1 933253
 1740     0     0 1   0   370     0  55699
 1741     0     0 2   0   370     0  85521
 1742  1740  1741 2   0   370     1 137229
 1743  1740  1741 2   0   370     1 158338
 1744  1740  1741 1 115   370     1 185947
 1745  1740  1741 1 115   370     1 852455
 1746     0     0 1   0   371     0  55701
 1747     0     0 2   0   371     0  85523
 1748  1746  1747 1   0   371     1 119732
 1749  1746  1747 1   0   371     1 153631
 1750  1746  1747 1  96   371     1 169747
 1751  1746  1747 1  96   371     1 751550
 1752     0     0 1   0   372     0  55703
 1753     0     0 2   0   372     0  85525
 1754  1752  1753 1   0   372     1 114217
 1755  1752  1753 1   0   372     1 192237
 1756  1752  1753 1   0   372     1 203923
 1757     0     0 1   0   373     0  55705
 1758     0     0 2   0   373     0  85527
 1759  1757  1758 1   0   373     1 107220
 1760  1757  1758 1  45   373     1 129937
 1761  1757  1758 1  45   373     1 492754
 1762  1757  1758 1   0   373     1 919966
 1763     0     0 1   0   374     0  55706
 1764     0     0 2   0   374     0  85528
 1765  1763  1764 1   0   374     1 120717
 1766  1763  1764 1 130   374     1 209228
 1767  1763  1764 2   0   374     1 590047
 1768  1763  1764 1 130   374     1 765864
 1769     0     0 1   0   375     0  55714
 1770     0     0 2   0   375     0  85535
 1771  1769  1770 1 134   375     1 236130
 1772  1769  1770 1 134   375     1 257542
 1773     0     0 1   0   376     0  55717
 1774     0     0 2   0   376     0  85538
 1775  1773  1774 1   0   376     1 381543
 1776  1773  1774 2   0   376     1 520228
 1777     0     0 1   0   377     0  55718
 1778     0     0 2   0   377     0  85539
 1779  1777  1778 1   0   377     1 206323
 1780  1777  1778 1   0   377     1 394956
 1781     0     0 1   0   378     0  55732
 1782     0     0 2   0   378     0  85553
 1783  1781  1782 1  64   378     1 139435
 1784  1781  1782 1  64   378     1 316835
 1785  1781  1782 2   0   378     1 588565
 1786     0     0 1   0   379     0  55734
 1787     0     0 2   0   379     0  85555
 1788  1786  1787 1   0   379     1 274542
 1789     0     0 1   0   380     0  55740
 1790     0     0 2   0   380     0  85561
 1791  1789  1790 1   0   380     1 143224
 1792  1789  1790 2   0   380     1 206222
 1793  1789  1790 1   0   380     1 255740
 1794     0     0 1   0   381     0  55741
 1795     0     0 2   0   381     0  85562
 1796  1794  1795 1   0   381     1 111211
 1797  1794  1795 1   0   381     1 171734
 1798     0     0 1   0   382     0  55754
 1799     0     0 2   0   382     0  85575
 1800  1798  1799 1   0   382     1 202113
 1801  1798  1799 2   0   382     1 330324
 1802  1798  1799 2   0   382     1 635245
 1803  1798  1799 2   0   382     1 671855
 1804     0     0 1   0   383     0  55763
 1805     0     0 2   0   383     0  85584
 1806  1804  1805 1   0   383     1 162834
 1807  1804  1805 2 144   383     1 318637
 1808  1804  1805 2 144   383     1 926862
 1809     0     0 1   0   384     0  55766
 1810     0     0 2   0   384     0  85587
 1811  1809  1810 2   0   384     1 130114
 1812  1809  1810 2   0   384     1 155938
 1813  1809  1810 1   0   384     1 160931
 1814     0     0 1   0   385     0  55769
 1815     0     0 2   0   385     0  85590
 1816  1814  1815 2 125   385     1 198249
 1817  1814  1815 2 125   385     1 207426
 1818  1814  1815 1   0   385     1 609143
 1819     0     0 1   0   386     0  55787
 1820     0     0 2   0   386     0  85608
 1821  1819  1820 1   0   386     1 204420
 1822  1819  1820 2   0   386     1 248339
 1823  1819  1820 1   0   386     1 580650
 1824  1819  1820 2   0   386     1 891667
 1825     0     0 1   0   387     0  55788
 1826     0     0 2   0   387     0  85609
 1827  1825  1826 2   0   387     1 135629
 1828  1825  1826 2   0   387     1 169040
 1829  1825  1826 1   0   387     1 706040
 1830  1825  1826 2   0   387     1 793465
 1831     0     0 1   0   388     0  55793
 1832     0     0 2   0   388     0  85614
 1833  1831  1832 2  28   388     1 116726
 1834  1831  1832 2  28   388     1 257845
 1835  1831  1832 1   0   388     1 613235
 1836  1831  1832 2   0   388     1 870861
 1837     0     0 1   0   389     0  55795
 1838     0     0 2   0   389     0  85616
 1839  1837  1838 2   0   389     1 387959
 1840  1837  1838 2   0   389     1 424939
 1841     0     0 1   0   390     0  55796
 1842     0     0 2   0   390     0  85617
 1843  1841  1842 2   0   390     1 281135
 1844  1841  1842 2   0   390     1 803240
 1845     0     0 1   0   391     0  55800
 1846     0     0 2   0   391     0  85621
 1847  1845  1846 2   0   391     1 186040
 1848  1845  1846 1   0   391     1 993675
 1849     0     0 1   0   392     0  55810
 1850     0     0 2   0   392     0  85631
 1851  1849  1850 2   0   392     1 104113
 1852  1849  1850 2   0   392     1 177342
 1853     0     0 1   0   393     0  55819
 1854     0     0 2   0   393     0  85640
 1855  1853  1854 2   0   393     1 200210
 1856  1853  1854 2   0   393     1 201515
 1857     0     0 1   0   394     0  55823
 1858     0     0 2   0   394     0  85644
 1859  1857  1858 2   0   394     1 529953
 1860     0     0 1   0   395     0  55825
 1861     0     0 2   0   395     0  85646
 1862  1860  1861 2  53   395     1 131823
 1863  1860  1861 2  53   395     1 506234
 1864  1860  1861 1   0   395     1 558960
 1865     0     0 1   0   396     0  55826
 1866     0     0 2   0   396     0  85647
 1867  1865  1866 2   0   396     1 349244
 1868  1865  1866 1   0   396     1 446545
 1869     0     0 1   0   397     0  55844
 1870     0     0 2   0   397     0  85665
 1871  1869  1870 2   0   397     1 286650
 1872  1869  1870 2   0   397     1 627852
 1873  1869  1870 2   0   397     1 679770
 1874     0     0 1   0   398     0  55867
 1875     0     0 2   0   398     0  85687
 1876  1874  1875 1   0   398     1 355845
 1877     0     0 1   0   399     0  55870
 1878     0     0 2   0   399     0  85690
 1879  1877  1878 2   0   399     1 561949
 1880  1877  1878 2   0   399     1 664757
 1881     0     0 1   0   400     0  55890
 1882     0     0 2   0   400     0  85710
 1883  1881  1882 1   0   400     1 149842
 1884  1881  1882 1   0   400     1 151829
 1885  1881  1882 2   0   400     1 162935
 1886  1881  1882 2   0   400     1 283543
 1887     0     0 1   0   401     0  55892
 1888     0     0 2   0   401     0  85712
 1889  1887  1888 2  25   401     1 116221
 1890  1887  1888 2  25   401     1 127226
 1891  1887  1888 1   0   401     1 228434
 1892  1887  1888 2   0   401     1 810439
 1893     0     0 1   0   402     0  55895
 1894     0     0 2   0   402     0  85715
 1895  1893  1894 2   6   402     1 103010
 1896  1893  1894 2   6   402     1 113316
 1897     0     0 1   0   403     0  55901
 1898     0     0 2   0   403     0  85721
 1899  1897  1898 2  78   403     1 150928
 1900  1897  1898 2   0   403     1 176441
 1901  1897  1898 2  78   403     1 557857
 1902     0     0 1   0   404     0  55904
 1903     0     0 2   0   404     0  85724
 1904  1902  1903 2   0   404     1 146836
 1905  1902  1903 2   0   404     1 698168
 1906  1902  1903 2   0   404     1 832651
 1907     0     0 1   0   405     0  55908
 1908     0     0 2   0   405     0  85728
 1909  1907  1908 2  61   405     1 136328
 1910  1907  1908 2  61   405     1 378756
 1911     0     0 1   0   406     0  55910
 1912     0     0 2   0   406     0  85730
 1913  1911  1912 2 158   406     1 552241
 1914  1911  1912 2 158   406     1 973770
 1915     0     0 1   0   407     0  55916
 1916     0     0 2   0   407     0  85736
 1917  1915  1916 2 156   407     1 518746
 1918  1915  1916 2 156   407     1 615441
 1919     0     0 1   0   408     0  55922
 1920     0     0 2   0   408     0  85742
 1921  1919  1920 2   0   408     1 159744
 1922  1919  1920 2   0   408     1 207123
 1923  1919  1920 2   0   408     1 878776
 1924  1919  1920 2   0   408     1 927359
 1925     0     0 1   0   409     0  55923
 1926     0     0 2   0   409     0  85743
 1927  1925  1926 2 117   409     1 186949
 1928  1925  1926 2 117   409     1 995174
 1929     0     0 1   0   410     0  55926
 1930     0     0 2   0   410     0  85746
 1931  1929  1930 2   0   410     1 210112
 1932     0     0 1   0   411     0  55942
 1933     0     0 2   0   411     0  85762
 1934  1932  1933 2   0   411     1 193845
 1935  1932  1933 2   0   411     1 724446
 1936  1932  1933 2   0   411     1 774663
 1937     0     0 1   0   412     0  55943
 1938     0     0 2   0   412     0  85763
 1939  1937  1938 2   0   412     1 196346
 1940  1937  1938 2   0   412     1 656657
 1941  1937  1938 2   0   412     1 686969
 1942     0     0 1   0   413     0  55952
 1943     0     0 2   0   413     0  85772
 1944  1942  1943 2  71   413     1 146129
 1945  1942  1943 2   0   413     1 628248
 1946  1942  1943 2  71   413     1 783462
 1947     0     0 1   0   414     0  55955
 1948     0     0 2   0   414     0  85775
 1949  1947  1948 2  90   414     1 164636
 1950  1947  1948 2  90   414     1 214524
 1951  1947  1948 2   0   414     1 550035
 1952     0     0 1   0   415     0  55961
 1953     0     0 2   0   415     0  85781
 1954  1952  1953 2  31   415     1 120818
 1955  1952  1953 2  31   415     1 692964
 1956     0     0 1   0   416     0  55963
 1957     0     0 2   0   416     0  85784
 1958  1956  1957 1   0   416     1 358144
 1959  1956  1957 1   0   416     1 841349
 1960  1956  1957 1   0   416     1 923755
 1961     0     0 1   0   417     0  55972
 1962     0     0 2   0   417     0  85793
 1963  1961  1962 2   0   417     1 156435
 1964  1961  1962 2   0   417     1 206828
 1965  1961  1962 2   0   417     1 299154
 1966     0     0 1   0   418     0  55974
 1967     0     0 2   0   418     0  85795
 1968  1966  1967 2   0   418     1 314225
 1969  1966  1967 1   0   418     1 578057
 1970     0     0 1   0   419     0  55989
 1971     0     0 2   0   419     0  85810
 1972  1970  1971 2   0   419     1 200513
 1973  1970  1971 2 143   419     1 308129
 1974  1970  1971 2 143   419     1 749058
 1975     0     0 1   0   420     0  55997
 1976     0     0 2   0   420     0  85818
 1977  1975  1976 2   0   420     1 206727
 1978  1975  1976 2   0   420     1 766563
 1979  1975  1976 2   0   420     1 800941
 1980     0     0 1   0   421     0  56016
 1981     0     0 2   0   421     0  85837
 1982     0     0 2   0   421     0  99974
 1983  1980  1981 2  24   421     1 115825
 1984  1980  1981 2  24   421     1 178243
 1985  1980  1982 1   0   421     1 130821
 1986  1980  1982 2   0   421     1 195950
 1987     0     0 1   0   422     0  56022
 1988     0     0 2   0   422     0  85843
 1989     0     0 2   0   422     0  99973
 1990  1987  1988 2  14   422     1 107523
 1991  1987  1988 2  14   422     1 123824
 1992  1987  1989 1   0   422     1 403628
 1993     0     0 1   0   423     0  56023
 1994     0     0 2   0   423     0  85844
 1995  1993  1994 2   0   423     1 150019
 1996  1993  1994 2   0   423     1 550439
 1997  1993  1994 2   0   423     1 966975
 1998     0     0 1   0   424     0  56029
 1999     0     0 2   0   424     0  85850
 2000  1998  1999 2 100   424     1 172433
 2001  1998  1999 2   0   424     1 191942
 2002  1998  1999 2 100   424     1 202719
 2003     0     0 1   0   425     0  56032
 2004     0     0 2   0   425     0  85853
 2005  2003  2004 2 102   425     1 174841
 2006  2003  2004 2 102   425     1 212823
 2007  2003  2004 2   0   425     1 894774
 2008     0     0 1   0   426     0  56034
 2009     0     0 2   0   426     0  85855
 2010  2008  2009 2   0   426     1 119025
 2011  2008  2009 2   0   426     1 753150
 2012     0     0 1   0   427     0  56037
 2013     0     0 2   0   427     0  85858
 2014  2012  2013 2   0   427     1 100206
 2015  2012  2013 2 126   427     1 198653
 2016  2012  2013 2 126   427     1 581450
 2017     0     0 1   0   428     0  56064
 2018     0     0 2   0   428     0  85885
 2019  2017  2018 2   0   428     1 275645
 2020  2017  2018 2 162   428     1 667056
 2021  2017  2018 2 162   428     1 990366
 2022     0     0 1   0   429     0  56066
 2023     0     0 2   0   429     0  85887
 2024  2022  2023 2   0   429     1 268749
 2025  2022  2023 2   0   429     1 353740
 2026  2022  2023 2   0   429     1 735148
 2027     0     0 1   0   430     0  56073
 2028     0     0 2   0   430     0  85894
 2029  2027  2028 2   0   430     1 123521
 2030  2027  2028 1   0   430     1 379657
 2031  2027  2028 2   0   430     1 611938
 2032  2027  2028 1   0   430     1 626648
 2033     0     0 1   0   431     0  56077
 2034     0     0 2   0   431     0  85897
 2035  2033  2034 2   0   431     1 102513
 2036  2033  2034 1   0   431     1 972566
 2037     0     0 1   0   432     0  56081
 2038     0     0 2   0   432     0  85901
 2039  2037  2038 1 164   432     1 680452
 2040  2037  2038 1 164   432     1 788674
 2041     0     0 1   0   433     0  56083
 2042     0     0 2   0   433     0  85903
 2043  2041  2042 1   0   433     1 134829
 2044  2041  2042 1   0   433     1 585256
 2045     0     0 1   0   434     0  56094
 2046     0     0 2   0   434     0  85914
 2047  2045  2046 2   0   434     1 110613
 2048  2045  2046 1   0   434     1 125424
 2049  2045  2046 1   0   434     1 577762
 2050     0     0 1   0   435     0  56096
 2051     0     0 2   0   435     0  85916
 2052     0     0 2   0   435     0  99972
 2053  2050  2051 1   0   435     1 179245
 2054  2050  2051 1   0   435     1 305830
 2055  2050  2052 1   0   435     1 849264
 2056     0     0 1   0   436     0  56097
 2057     0     0 2   0   436     0  85917
 2058  2056  2057 2   0   436     1 190940
 2059  2056  2057 1   0   436     1 362034
 2060  2056  2057 1   0   436     1 804646
 2061     0     0 1   0   437     0  56102
 2062     0     0 2   0   437     0  85922
 2063  2061  2062 1   0   437     1 209329
 2064  2061  2062 1   0   437     1 432332
 2065  2061  2062 1   0   437     1 579867
 2066     0     0 1   0   438     0  56105
 2067     0     0 2   0   438     0  85925
 2068  2066  2067 2   0   438     1 103212
 2069  2066  2067 1   0   438     1 177140
 2070  2066  2067 1   0   438     1 360030
 2071     0     0 1   0   439     0  56120
 2072     0     0 2   0   439     0  85940
 2073  2071  2072 1   0   439     1 117930
 2074  2071  2072 1   0   439     1 175237
 2075  2071  2072 1   0   439     1 406836
 2076     0     0 1   0   440     0  56127
 2077     0     0 2   0   440     0  85947
 2078  2076  2077 1 108   440     1 180533
 2079  2076  2077 2   0   440     1 206929
 2080  2076  2077 1 108   440     1 654552
 2081     0     0 1   0   441     0  56135
 2082     0     0 2   0   441     0  85955
 2083  2081  2082 1   0   441     1 630134
 2084  2081  2082 2   0   441     1 748056
 2085     0     0 1   0   442     0  56140
 2086     0     0 2   0   442     0  85960
 2087  2085  2086 1 145   442     1 321323
 2088  2085  2086 1 145   442     1 744553
 2089     0     0 1   0   443     0  56141
 2090     0     0 2   0   443     0  85961
 2091  2089  2090 1 148   443     1 391748
 2092  2089  2090 1 148   443     1 731140
 2093  2089  2090 2   0   443     1 810843
 2094     0     0 1   0   444     0  56143
 2095     0     0 2   0   444     0  85963
 2096  2094  2095 1   0   444     1 153227
 2097  2094  2095 1   0   444     1 992673
 2098     0     0 1   0   445     0  56150
 2099     0     0 2   0   445     0  85970
 2100  2098  2099 1  38   445     1 128026
 2101  2098  2099 1  38   445     1 354439
 2102  2098  2099 2   0   445     1 382545
 2103  2098  2099 2   0   445     1 597869
 2104     0     0 1   0   446     0  56161
 2105     0     0 2   0   446     0  85980
 2106  2104  2105 1   0   446     1 143426
 2107  2104  2105 1   0   446     1 929464
 2108     0     0 1   0   447     0  56166
 2109     0     0 2   0   447     0  85985
 2110  2108  2109 2   0   447     1 183741
 2111  2108  2109 1   0   447     1 280941
 2112  2108  2109 1   0   447     1 481042
 2113     0     0 1   0   448     0  56171
 2114     0     0 2   0   448     0  85990
 2115  2113  2114 1   0   448     1 152427
 2116  2113  2114 1   0   448     1 828862
 2117     0     0 1   0   449     0  56183
 2118     0     0 2   0   449     0  86002
 2119  2117  2118 2   0   449     1 106824
 2120  2117  2118 1   0   449     1 809252
 2121  2117  2118 2   0   449     1 886674
 2122     0     0 1   0   450     0  56187
 2123     0     0 2   0   450     0  86006
 2124  2122  2123 2  30   450     1 118831
 2125  2122  2123 2  30   450     1 558657
 2126     0     0 1   0   451     0  56200
 2127     0     0 2   0   451     0  86019
 2128  2126  2127 2   0   451     1 108020
 2129  2126  2127 2   0   451     1 616645
 2130  2126  2127 2   0   451     1 728454
 2131     0     0 1   0   452     0  56202
 2132     0     0 2   0   452     0  86021
 2133  2131  2132 2   0   452     1 618952
 2134     0     0 1   0   453     0  99987
 2135     0     0 2   0   453     0  99988
 2136  2134  2135 2   0   453     1 650746
 2137     0     0 1   0   454     0  99989
 2138     0     0 2   0   454     0  99990
 2139  2137  2138 2   0   454     1 516742
 2140     0     0 1   0   455     0  99996
 2141     0     0 2   0   455     0  99997
 2142  2140  2141 1   0   455     1 114823
 2143     0     0 1   0   456     0  99998
 2144     0     0 2   0   456     0  99999
 2145  2143  2144 1   0   456     1 200917
